26-02-2021 11:02:17 Created 1000 voters
26-02-2021 11:02:17 Created party: P0
26-02-2021 11:02:17 Created party: P1
26-02-2021 11:02:17 Created party: P2
26-02-2021 11:02:17 Created party: P3
26-02-2021 11:02:17 Created party: P4
26-02-2021 11:02:17 Starting simulation for 200 loops
26-02-2021 16:25:55 Created 1000 voters
26-02-2021 16:25:55 Created party: Party1
26-02-2021 16:25:55 Created party: Party2
26-02-2021 16:25:55 Created party: Party3
26-02-2021 16:25:55 Created party: Party4
26-02-2021 16:25:55 Created party: Party5
26-02-2021 16:25:55 Starting simulation for 10 loops
26-02-2021 16:25:55 Finishing simulation
26-02-2021 16:25:55 Writing CSV file: isatry
26-02-2021 16:26:56 Created 1000 voters
26-02-2021 16:26:56 Created party: Party1
26-02-2021 16:26:56 Created party: Party2
26-02-2021 16:26:56 Created party: Party3
26-02-2021 16:26:56 Created party: Party4
26-02-2021 16:26:56 Created party: Party5
26-02-2021 16:26:56 Starting simulation for 10 loops
26-02-2021 16:26:56 Finishing simulation
26-02-2021 16:26:56 Writing CSV file: isatry
26-02-2021 16:27:36 Created 1000 voters
26-02-2021 16:27:36 Created party: Party1
26-02-2021 16:27:36 Created party: Party2
26-02-2021 16:27:36 Created party: Party3
26-02-2021 16:27:36 Created party: Party4
26-02-2021 16:27:36 Created party: Party5
26-02-2021 16:27:36 Starting simulation for 10 loops
26-02-2021 16:27:36 Finishing simulation
26-02-2021 16:27:36 Writing CSV file: isatry
26-02-2021 16:27:48 Created 1000 voters
26-02-2021 16:27:48 Created party: Party1
26-02-2021 16:27:48 Created party: Party2
26-02-2021 16:27:48 Created party: Party3
26-02-2021 16:27:48 Created party: Party4
26-02-2021 16:27:48 Created party: Party5
26-02-2021 16:27:48 Starting simulation for 10 loops
26-02-2021 16:27:48 Finishing simulation
26-02-2021 16:27:48 Writing CSV file: isatry
26-02-2021 16:28:20 Created 1000 voters
26-02-2021 16:28:20 Created party: Party1
26-02-2021 16:28:20 Created party: Party2
26-02-2021 16:28:20 Created party: Party3
26-02-2021 16:28:20 Created party: Party4
26-02-2021 16:28:20 Created party: Party5
26-02-2021 16:28:20 Starting simulation for 10 loops
26-02-2021 16:28:20 Finishing simulation
26-02-2021 16:28:20 Writing CSV file: isatry
26-02-2021 16:28:49 Created 1000 voters
26-02-2021 16:28:49 Created party: Party1
26-02-2021 16:28:49 Created party: Party2
26-02-2021 16:28:49 Created party: Party3
26-02-2021 16:28:49 Created party: Party4
26-02-2021 16:28:49 Created party: Party5
26-02-2021 16:28:49 Starting simulation for 10 loops
26-02-2021 16:28:49 Finishing simulation
26-02-2021 16:28:49 Writing CSV file: isatry
26-02-2021 16:29:21 Created 1000 voters
26-02-2021 16:29:21 Created party: Party1
26-02-2021 16:29:21 Created party: Party2
26-02-2021 16:29:21 Created party: Party3
26-02-2021 16:29:21 Created party: Party4
26-02-2021 16:29:21 Created party: Party5
26-02-2021 16:29:21 Starting simulation for 10 loops
26-02-2021 16:29:21 Finishing simulation
26-02-2021 16:29:21 Writing CSV file: isatry
27-02-2021 08:14:18 Created 1000 voters
27-02-2021 08:14:18 Created party: Party1
27-02-2021 08:14:18 Created party: Party2
27-02-2021 08:14:18 Created party: Party3
27-02-2021 08:14:18 Created party: Party4
27-02-2021 08:14:18 Created party: Party5
27-02-2021 08:14:18 Starting simulation for 10 loops
27-02-2021 08:14:18 Finishing simulation
27-02-2021 08:14:18 Writing CSV file: isatry
27-02-2021 08:18:25 Created 1000 voters
27-02-2021 08:18:25 Created party: Party1
27-02-2021 08:18:25 Created party: Party2
27-02-2021 08:18:25 Created party: Party3
27-02-2021 08:18:25 Created party: Party4
27-02-2021 08:18:25 Created party: Party5
27-02-2021 08:18:25 Starting simulation for 10 loops
27-02-2021 08:18:25 Finishing simulation
27-02-2021 08:18:25 Writing CSV file: isatry
27-02-2021 08:20:02 Created 1000 voters
27-02-2021 08:20:02 Created party: Party1
27-02-2021 08:20:02 Created party: Party2
27-02-2021 08:20:02 Created party: Party3
27-02-2021 08:20:02 Created party: Party4
27-02-2021 08:20:02 Created party: Party5
27-02-2021 08:20:02 Starting simulation for 10 loops
27-02-2021 08:20:02 Finishing simulation
27-02-2021 08:20:02 Writing CSV file: isatry
27-02-2021 08:20:10 Created 1000 voters
27-02-2021 08:20:10 Created party: Party1
27-02-2021 08:20:10 Created party: Party2
27-02-2021 08:20:10 Created party: Party3
27-02-2021 08:20:10 Created party: Party4
27-02-2021 08:20:10 Created party: Party5
27-02-2021 08:20:10 Starting simulation for 10 loops
27-02-2021 08:20:10 Finishing simulation
27-02-2021 08:20:10 Writing CSV file: isatry
27-02-2021 08:20:27 Created 1000 voters
27-02-2021 08:20:27 Created party: Party1
27-02-2021 08:20:27 Created party: Party2
27-02-2021 08:20:27 Created party: Party3
27-02-2021 08:20:27 Created party: Party4
27-02-2021 08:20:27 Created party: Party5
27-02-2021 08:20:27 Starting simulation for 10 loops
27-02-2021 08:20:27 Finishing simulation
27-02-2021 08:20:27 Writing CSV file: isatry
27-02-2021 08:23:27 Created 1000 voters
27-02-2021 08:23:27 Created party: Party1
27-02-2021 08:23:27 Created party: Party2
27-02-2021 08:23:27 Created party: Party3
27-02-2021 08:23:27 Created party: Party4
27-02-2021 08:23:27 Created party: Party5
27-02-2021 08:23:27 Starting simulation for 10 loops
27-02-2021 08:23:27 Finishing simulation
27-02-2021 08:23:27 Writing CSV file: isatry
27-02-2021 08:24:21 Created 1000 voters
27-02-2021 08:24:21 Created party: Party1
27-02-2021 08:24:21 Created party: Party2
27-02-2021 08:24:21 Created party: Party3
27-02-2021 08:24:21 Created party: Party4
27-02-2021 08:24:21 Created party: Party5
27-02-2021 08:24:21 Starting simulation for 10 loops
27-02-2021 08:24:21 Finishing simulation
27-02-2021 08:24:21 Writing CSV file: isatry
27-02-2021 08:25:03 Created 1000 voters
27-02-2021 08:25:03 Created party: Party1
27-02-2021 08:25:03 Created party: Party2
27-02-2021 08:25:03 Created party: Party3
27-02-2021 08:25:03 Created party: Party4
27-02-2021 08:25:03 Created party: Party5
27-02-2021 08:25:03 Starting simulation for 10 loops
27-02-2021 08:25:03 Finishing simulation
27-02-2021 08:25:03 Writing CSV file: isatry
27-02-2021 08:25:11 Created 1000 voters
27-02-2021 08:25:11 Created party: Party1
27-02-2021 08:25:11 Created party: Party2
27-02-2021 08:25:11 Created party: Party3
27-02-2021 08:25:11 Created party: Party4
27-02-2021 08:25:11 Created party: Party5
27-02-2021 08:25:11 Starting simulation for 10 loops
27-02-2021 08:25:11 Finishing simulation
27-02-2021 08:25:11 Writing CSV file: isatry
27-02-2021 08:25:50 Created 1000 voters
27-02-2021 08:25:50 Created party: Party1
27-02-2021 08:25:50 Created party: Party2
27-02-2021 08:25:50 Created party: Party3
27-02-2021 08:25:50 Created party: Party4
27-02-2021 08:25:50 Created party: Party5
27-02-2021 08:25:50 Starting simulation for 10 loops
27-02-2021 08:25:50 Finishing simulation
27-02-2021 08:25:50 Writing CSV file: isatry
27-02-2021 08:26:18 Created 1000 voters
27-02-2021 08:26:18 Created party: Party1
27-02-2021 08:26:18 Created party: Party2
27-02-2021 08:26:18 Created party: Party3
27-02-2021 08:26:18 Created party: Party4
27-02-2021 08:26:18 Created party: Party5
27-02-2021 08:26:18 Starting simulation for 10 loops
27-02-2021 08:26:18 Finishing simulation
27-02-2021 08:26:18 Writing CSV file: isatry
27-02-2021 08:27:25 Created 1000 voters
27-02-2021 08:27:25 Created party: Party1
27-02-2021 08:27:25 Created party: Party2
27-02-2021 08:27:25 Created party: Party3
27-02-2021 08:27:25 Created party: Party4
27-02-2021 08:27:25 Created party: Party5
27-02-2021 08:27:25 Starting simulation for 10 loops
27-02-2021 08:27:25 Finishing simulation
27-02-2021 08:27:25 Writing CSV file: isatry
27-02-2021 08:27:38 Created 1000 voters
27-02-2021 08:27:38 Created party: Party1
27-02-2021 08:27:38 Created party: Party2
27-02-2021 08:27:38 Created party: Party3
27-02-2021 08:27:38 Created party: Party4
27-02-2021 08:27:38 Created party: Party5
27-02-2021 08:27:38 Starting simulation for 10 loops
27-02-2021 08:27:38 Finishing simulation
27-02-2021 08:27:38 Writing CSV file: isatry
27-02-2021 08:28:22 Created 1000 voters
27-02-2021 08:28:22 Created party: Party1
27-02-2021 08:28:22 Created party: Party2
27-02-2021 08:28:22 Created party: Party3
27-02-2021 08:28:22 Created party: Party4
27-02-2021 08:28:22 Created party: Party5
27-02-2021 08:28:22 Starting simulation for 10 loops
27-02-2021 08:28:22 Finishing simulation
27-02-2021 08:28:22 Writing CSV file: isatry
27-02-2021 08:28:42 Created 1000 voters
27-02-2021 08:28:42 Created party: Party1
27-02-2021 08:28:42 Created party: Party2
27-02-2021 08:28:42 Created party: Party3
27-02-2021 08:28:42 Created party: Party4
27-02-2021 08:28:42 Created party: Party5
27-02-2021 08:28:42 Starting simulation for 10 loops
27-02-2021 08:28:42 Finishing simulation
27-02-2021 08:28:42 Writing CSV file: isatry
27-02-2021 08:31:42 Created 1000 voters
27-02-2021 08:31:42 Created party: Party1
27-02-2021 08:31:42 Created party: Party2
27-02-2021 08:31:42 Created party: Party3
27-02-2021 08:31:42 Created party: Party4
27-02-2021 08:31:42 Created party: Party5
27-02-2021 08:31:42 Starting simulation for 10 loops
27-02-2021 08:31:43 Finishing simulation
27-02-2021 08:31:43 Writing CSV file: isatry
27-02-2021 08:33:19 Created 1000 voters
27-02-2021 08:33:19 Created party: Party1
27-02-2021 08:33:19 Created party: Party2
27-02-2021 08:33:19 Created party: Party3
27-02-2021 08:33:19 Created party: Party4
27-02-2021 08:33:19 Created party: Party5
27-02-2021 08:33:19 Starting simulation for 10 loops
27-02-2021 08:33:19 Finishing simulation
27-02-2021 08:33:19 Writing CSV file: isatry
27-02-2021 08:33:42 Created 1000 voters
27-02-2021 08:33:42 Created party: Party1
27-02-2021 08:33:42 Created party: Party2
27-02-2021 08:33:42 Created party: Party3
27-02-2021 08:33:42 Created party: Party4
27-02-2021 08:33:42 Created party: Party5
27-02-2021 08:33:42 Starting simulation for 10 loops
27-02-2021 08:33:42 Finishing simulation
27-02-2021 08:33:42 Writing CSV file: isatry
27-02-2021 08:33:54 Created 1000 voters
27-02-2021 08:33:54 Created party: Party1
27-02-2021 08:33:54 Created party: Party2
27-02-2021 08:33:54 Created party: Party3
27-02-2021 08:33:54 Created party: Party4
27-02-2021 08:33:54 Created party: Party5
27-02-2021 08:33:54 Starting simulation for 10 loops
27-02-2021 08:33:54 Finishing simulation
27-02-2021 08:33:54 Writing CSV file: isatry
27-02-2021 08:34:25 Created 1000 voters
27-02-2021 08:34:25 Created party: Party1
27-02-2021 08:34:25 Created party: Party2
27-02-2021 08:34:25 Created party: Party3
27-02-2021 08:34:25 Created party: Party4
27-02-2021 08:34:25 Created party: Party5
27-02-2021 08:34:25 Starting simulation for 10 loops
27-02-2021 08:34:25 Finishing simulation
27-02-2021 08:34:25 Writing CSV file: isatry
27-02-2021 08:40:20 Created 1000 voters
27-02-2021 08:40:20 Created party: Party1
27-02-2021 08:40:20 Created party: Party2
27-02-2021 08:40:20 Created party: Party3
27-02-2021 08:40:20 Created party: Party4
27-02-2021 08:40:20 Created party: Party5
27-02-2021 08:40:20 Starting simulation for 10 loops
27-02-2021 08:40:20 Finishing simulation
27-02-2021 08:40:20 Writing CSV file: isatry
27-02-2021 08:48:16 Created 1000 voters
27-02-2021 08:48:16 Created party: Party1
27-02-2021 08:48:16 Created party: Party2
27-02-2021 08:48:16 Created party: Party3
27-02-2021 08:48:16 Created party: Party4
27-02-2021 08:48:16 Created party: Party5
27-02-2021 08:48:16 Starting simulation for 10 loops
27-02-2021 08:48:16 Finishing simulation
27-02-2021 08:48:16 Writing CSV file: isatry
27-02-2021 09:38:50 Created 1000 voters
27-02-2021 09:38:50 Created party: Party1
27-02-2021 09:38:50 Created party: Party2
27-02-2021 09:38:50 Created party: Party3
27-02-2021 09:38:50 Created party: Party4
27-02-2021 09:38:50 Created party: Party5
27-02-2021 09:38:50 Starting simulation for 10 loops
27-02-2021 09:38:50 Finishing simulation
27-02-2021 09:38:50 Writing CSV file: isatry
27-02-2021 09:39:13 Created 1000 voters
27-02-2021 09:39:13 Created party: Party1
27-02-2021 09:39:13 Created party: Party2
27-02-2021 09:39:13 Created party: Party3
27-02-2021 09:39:13 Created party: Party4
27-02-2021 09:39:13 Created party: Party5
27-02-2021 09:39:13 Starting simulation for 10 loops
27-02-2021 09:39:14 Finishing simulation
27-02-2021 09:39:14 Writing CSV file: isatry
27-02-2021 09:39:23 Created 1000 voters
27-02-2021 09:39:23 Created party: Party1
27-02-2021 09:39:23 Created party: Party2
27-02-2021 09:39:23 Created party: Party3
27-02-2021 09:39:23 Created party: Party4
27-02-2021 09:39:23 Created party: Party5
27-02-2021 09:39:23 Starting simulation for 10 loops
27-02-2021 09:39:23 Finishing simulation
27-02-2021 09:39:23 Writing CSV file: isatry
27-02-2021 09:42:37 Created 1000 voters
27-02-2021 09:42:37 Created party: Party1
27-02-2021 09:42:37 Created party: Party2
27-02-2021 09:42:37 Created party: Party3
27-02-2021 09:42:37 Created party: Party4
27-02-2021 09:42:37 Created party: Party5
27-02-2021 09:42:37 Starting simulation for 10 loops
27-02-2021 09:42:37 Finishing simulation
27-02-2021 09:42:37 Writing CSV file: isatry
27-02-2021 09:45:07 Created 1000 voters
27-02-2021 09:45:07 Created party: Party1
27-02-2021 09:45:07 Created party: Party2
27-02-2021 09:45:07 Created party: Party3
27-02-2021 09:45:07 Created party: Party4
27-02-2021 09:45:07 Created party: Party5
27-02-2021 09:45:07 Starting simulation for 10 loops
27-02-2021 09:45:07 Finishing simulation
27-02-2021 09:45:07 Writing CSV file: isatry
27-02-2021 09:47:09 Created 1000 voters
27-02-2021 09:47:09 Created party: Party1
27-02-2021 09:47:09 Created party: Party2
27-02-2021 09:47:09 Created party: Party3
27-02-2021 09:47:09 Created party: Party4
27-02-2021 09:47:09 Created party: Party5
27-02-2021 09:47:09 Starting simulation for 10 loops
27-02-2021 09:47:09 Finishing simulation
27-02-2021 09:47:09 Writing CSV file: isatry
27-02-2021 09:47:37 Created 1000 voters
27-02-2021 09:47:37 Created party: Party1
27-02-2021 09:47:37 Created party: Party2
27-02-2021 09:47:37 Created party: Party3
27-02-2021 09:47:37 Created party: Party4
27-02-2021 09:47:37 Created party: Party5
27-02-2021 09:47:37 Starting simulation for 10 loops
27-02-2021 09:47:37 Finishing simulation
27-02-2021 09:47:37 Writing CSV file: isatry
27-02-2021 09:49:04 Created 1000 voters
27-02-2021 09:49:04 Created party: Party1
27-02-2021 09:49:04 Created party: Party2
27-02-2021 09:49:04 Created party: Party3
27-02-2021 09:49:04 Created party: Party4
27-02-2021 09:49:04 Created party: Party5
27-02-2021 09:49:04 Starting simulation for 10 loops
27-02-2021 09:49:04 Finishing simulation
27-02-2021 09:49:04 Writing CSV file: isatry
27-02-2021 10:11:32 Created 1000 voters
27-02-2021 10:11:32 Created party: Party1
27-02-2021 10:11:32 Created party: Party2
27-02-2021 10:11:32 Created party: Party3
27-02-2021 10:11:32 Created party: Party4
27-02-2021 10:11:32 Created party: Party5
27-02-2021 10:11:32 Starting simulation for 10 loops
27-02-2021 10:11:32 Finishing simulation
27-02-2021 10:11:32 Writing CSV file: isatry
27-02-2021 10:11:49 Created 1000 voters
27-02-2021 10:11:49 Created party: Party1
27-02-2021 10:11:49 Created party: Party2
27-02-2021 10:11:49 Created party: Party3
27-02-2021 10:11:49 Created party: Party4
27-02-2021 10:11:49 Created party: Party5
27-02-2021 10:11:49 Starting simulation for 10 loops
27-02-2021 10:11:49 Finishing simulation
27-02-2021 10:11:49 Writing CSV file: isatry
27-02-2021 10:12:17 Created 1000 voters
27-02-2021 10:12:17 Created party: Party1
27-02-2021 10:12:17 Created party: Party2
27-02-2021 10:12:17 Created party: Party3
27-02-2021 10:12:17 Created party: Party4
27-02-2021 10:12:17 Created party: Party5
27-02-2021 10:12:17 Starting simulation for 10 loops
27-02-2021 10:12:17 Finishing simulation
27-02-2021 10:12:17 Writing CSV file: isatry
27-02-2021 10:12:26 Created 1000 voters
27-02-2021 10:12:26 Created party: Party1
27-02-2021 10:12:26 Created party: Party2
27-02-2021 10:12:26 Created party: Party3
27-02-2021 10:12:26 Created party: Party4
27-02-2021 10:12:26 Created party: Party5
27-02-2021 10:12:26 Starting simulation for 10 loops
27-02-2021 10:12:26 Finishing simulation
27-02-2021 10:12:26 Writing CSV file: isatry
27-02-2021 10:32:48 Created 1000 voters
27-02-2021 10:32:48 Created party: Party1
27-02-2021 10:32:48 Created party: Party2
27-02-2021 10:32:48 Created party: Party3
27-02-2021 10:32:48 Created party: Party4
27-02-2021 10:32:48 Created party: Party5
27-02-2021 10:32:48 Starting simulation for 10 loops
27-02-2021 10:32:48 Finishing simulation
27-02-2021 10:32:48 Writing CSV file: isatry
27-02-2021 10:38:56 Created 1000 voters
27-02-2021 10:38:56 Created party: Party1
27-02-2021 10:38:56 Created party: Party2
27-02-2021 10:38:56 Created party: Party3
27-02-2021 10:38:56 Created party: Party4
27-02-2021 10:38:56 Created party: Party5
27-02-2021 10:38:56 Starting simulation for 10 loops
27-02-2021 10:38:56 Finishing simulation
27-02-2021 10:38:56 Writing CSV file: isatry
27-02-2021 10:41:19 Created 1000 voters
27-02-2021 10:41:19 Created party: Party1
27-02-2021 10:41:19 Created party: Party2
27-02-2021 10:41:19 Created party: Party3
27-02-2021 10:41:19 Created party: Party4
27-02-2021 10:41:19 Created party: Party5
27-02-2021 10:41:19 Starting simulation for 10 loops
27-02-2021 10:41:19 Finishing simulation
27-02-2021 10:41:19 Writing CSV file: isatry
27-02-2021 10:41:35 Created 1000 voters
27-02-2021 10:41:35 Created party: Party1
27-02-2021 10:41:35 Created party: Party2
27-02-2021 10:41:35 Created party: Party3
27-02-2021 10:41:35 Created party: Party4
27-02-2021 10:41:35 Created party: Party5
27-02-2021 10:41:35 Starting simulation for 10 loops
27-02-2021 10:41:35 Finishing simulation
27-02-2021 10:41:35 Writing CSV file: isatry
27-02-2021 10:44:00 Created 1000 voters
27-02-2021 10:44:00 Created party: Party1
27-02-2021 10:44:00 Created party: Party2
27-02-2021 10:44:00 Created party: Party3
27-02-2021 10:44:00 Created party: Party4
27-02-2021 10:44:00 Created party: Party5
27-02-2021 10:44:00 Starting simulation for 10 loops
27-02-2021 10:44:00 Finishing simulation
27-02-2021 10:44:00 Writing CSV file: isatry
02-03-2021 19:16:33 Created 1000 voters
02-03-2021 19:16:33 Created party: Party1
02-03-2021 19:16:33 Created party: Party2
02-03-2021 19:16:33 Created party: Party3
02-03-2021 19:16:33 Created party: Party4
02-03-2021 19:16:33 Created party: Party5
02-03-2021 19:16:33 Starting simulation for 10 loops
02-03-2021 19:16:33 Finishing simulation
02-03-2021 19:16:33 Writing CSV file: isatry
02-03-2021 19:18:32 Created 1000 voters
02-03-2021 19:18:32 Created party: Party1
02-03-2021 19:18:32 Created party: Party2
02-03-2021 19:18:32 Created party: Party3
02-03-2021 19:18:32 Created party: Party4
02-03-2021 19:18:32 Created party: Party5
02-03-2021 19:18:32 Starting simulation for 10 loops
02-03-2021 19:18:32 Finishing simulation
02-03-2021 19:18:32 Writing CSV file: isatry
02-03-2021 19:20:18 Created 1000 voters
02-03-2021 19:20:18 Created party: Party1
02-03-2021 19:20:18 Created party: Party2
02-03-2021 19:20:18 Created party: Party3
02-03-2021 19:20:18 Created party: Party4
02-03-2021 19:20:18 Created party: Party5
02-03-2021 19:20:18 Starting simulation for 10 loops
02-03-2021 19:20:18 Finishing simulation
02-03-2021 19:20:18 Writing CSV file: isatry
02-03-2021 19:22:05 Created 1000 voters
02-03-2021 19:22:05 Created party: Party1
02-03-2021 19:22:05 Created party: Party2
02-03-2021 19:22:05 Created party: Party3
02-03-2021 19:22:05 Created party: Party4
02-03-2021 19:22:05 Created party: Party5
02-03-2021 19:22:05 Starting simulation for 10 loops
02-03-2021 19:22:05 Finishing simulation
02-03-2021 19:22:05 Writing CSV file: isatry
02-03-2021 19:23:39 Created 1000 voters
02-03-2021 19:23:39 Created party: Party1
02-03-2021 19:23:39 Created party: Party2
02-03-2021 19:23:39 Created party: Party3
02-03-2021 19:23:39 Created party: Party4
02-03-2021 19:23:39 Created party: Party5
02-03-2021 19:23:39 Starting simulation for 10 loops
02-03-2021 19:23:39 Finishing simulation
02-03-2021 19:23:39 Writing CSV file: isatry
02-03-2021 19:25:24 Created 1000 voters
02-03-2021 19:25:24 Created party: Party1
02-03-2021 19:25:24 Created party: Party2
02-03-2021 19:25:24 Created party: Party3
02-03-2021 19:25:24 Created party: Party4
02-03-2021 19:25:24 Created party: Party5
02-03-2021 19:25:24 Starting simulation for 10 loops
02-03-2021 19:25:24 Finishing simulation
02-03-2021 19:25:24 Writing CSV file: isatry
02-03-2021 19:26:21 Created 1000 voters
02-03-2021 19:26:21 Created party: Party1
02-03-2021 19:26:21 Created party: Party2
02-03-2021 19:26:21 Created party: Party3
02-03-2021 19:26:21 Created party: Party4
02-03-2021 19:26:21 Created party: Party5
02-03-2021 19:26:21 Starting simulation for 100 loops
02-03-2021 19:26:21 Finishing simulation
02-03-2021 19:26:21 Writing CSV file: isatry
02-03-2021 19:26:52 Created 1000 voters
02-03-2021 19:26:52 Created party: Party1
02-03-2021 19:26:52 Created party: Party2
02-03-2021 19:26:52 Created party: Party3
02-03-2021 19:26:52 Created party: Party4
02-03-2021 19:26:52 Created party: Party5
02-03-2021 19:26:52 Starting simulation for 100 loops
02-03-2021 19:26:52 Finishing simulation
02-03-2021 19:26:52 Writing CSV file: isatry
02-03-2021 19:27:10 Created 1000 voters
02-03-2021 19:27:10 Created party: Party1
02-03-2021 19:27:10 Created party: Party2
02-03-2021 19:27:10 Created party: Party3
02-03-2021 19:27:10 Created party: Party4
02-03-2021 19:27:10 Created party: Party5
02-03-2021 19:27:10 Starting simulation for 100 loops
02-03-2021 19:27:10 Finishing simulation
02-03-2021 19:27:10 Writing CSV file: isatry
02-03-2021 19:31:07 Created 1000 voters
02-03-2021 19:31:07 Created party: Party1
02-03-2021 19:31:07 Created party: Party2
02-03-2021 19:31:07 Created party: Party3
02-03-2021 19:31:07 Created party: Party4
02-03-2021 19:31:07 Created party: Party5
02-03-2021 19:31:07 Starting simulation for 100 loops
02-03-2021 19:31:07 Finishing simulation
02-03-2021 19:31:07 Writing CSV file: isatry
02-03-2021 19:31:45 Created 1000 voters
02-03-2021 19:31:45 Created party: Party1
02-03-2021 19:31:45 Created party: Party2
02-03-2021 19:31:45 Created party: Party3
02-03-2021 19:31:45 Created party: Party4
02-03-2021 19:31:45 Created party: Party5
02-03-2021 19:31:45 Starting simulation for 100 loops
02-03-2021 19:31:45 Finishing simulation
02-03-2021 19:31:45 Writing CSV file: isatry
